0 info it worked if it ends with ok
1 verbose cli [ 'D:\\Program Files\\nodejs\\node.exe',
1 verbose cli   'D:\\Program Files\\nodejs\\node_modules\\npm\\bin\\npm-cli.js',
1 verbose cli   'install',
1 verbose cli   'lolcat' ]
2 info using npm@3.3.12
3 info using node@v5.3.0
4 silly loadCurrentTree Starting
5 silly install loadCurrentTree
6 silly install readLocalPackageData
7 silly fetchPackageMetaData lolcat
8 silly fetchNamedPackageData lolcat
9 silly mapToRegistry name lolcat
10 silly mapToRegistry using default registry
11 silly mapToRegistry registry https://registry.npmjs.org/
12 silly mapToRegistry uri https://registry.npmjs.org/lolcat
13 verbose request uri https://registry.npmjs.org/lolcat
14 verbose request no auth needed
15 info attempt registry request try #1 at 21:51:59
16 verbose request id 82fdcebe0f5b56dc
17 http request GET https://registry.npmjs.org/lolcat
18 http 404 https://registry.npmjs.org/lolcat
19 verbose headers { 'content-type': 'application/json',
19 verbose headers   'cache-control': 'max-age=0',
19 verbose headers   'content-length': '2',
19 verbose headers   'accept-ranges': 'bytes',
19 verbose headers   date: 'Sun, 28 Aug 2016 13:52:06 GMT',
19 verbose headers   via: '1.1 varnish',
19 verbose headers   age: '0',
19 verbose headers   connection: 'keep-alive',
19 verbose headers   'x-served-by': 'cache-hkg6824-HKG',
19 verbose headers   'x-cache': 'MISS',
19 verbose headers   'x-cache-hits': '0',
19 verbose headers   'x-timer': 'S1472392325.490966,VS0,VE841',
19 verbose headers   vary: 'Accept-Encoding' }
20 silly get cb [ 404,
20 silly get   { 'content-type': 'application/json',
20 silly get     'cache-control': 'max-age=0',
20 silly get     'content-length': '2',
20 silly get     'accept-ranges': 'bytes',
20 silly get     date: 'Sun, 28 Aug 2016 13:52:06 GMT',
20 silly get     via: '1.1 varnish',
20 silly get     age: '0',
20 silly get     connection: 'keep-alive',
20 silly get     'x-served-by': 'cache-hkg6824-HKG',
20 silly get     'x-cache': 'MISS',
20 silly get     'x-cache-hits': '0',
20 silly get     'x-timer': 'S1472392325.490966,VS0,VE841',
20 silly get     vary: 'Accept-Encoding' } ]
21 silly fetchPackageMetaData Error: Registry returned 404 for GET on https://registry.npmjs.org/lolcat
21 silly fetchPackageMetaData     at makeError (D:\Program Files\nodejs\node_modules\npm\node_modules\npm-registry-client\lib\request.js:264:12)
21 silly fetchPackageMetaData     at CachingRegistryClient.<anonymous> (D:\Program Files\nodejs\node_modules\npm\node_modules\npm-registry-client\lib\request.js:242:14)
21 silly fetchPackageMetaData     at Request._callback (D:\Program Files\nodejs\node_modules\npm\node_modules\npm-registry-client\lib\request.js:172:14)
21 silly fetchPackageMetaData     at Request.self.callback (D:\Program Files\nodejs\node_modules\npm\node_modules\request\request.js:198:22)
21 silly fetchPackageMetaData     at emitTwo (events.js:87:13)
21 silly fetchPackageMetaData     at Request.emit (events.js:172:7)
21 silly fetchPackageMetaData     at Request.<anonymous> (D:\Program Files\nodejs\node_modules\npm\node_modules\request\request.js:1082:10)
21 silly fetchPackageMetaData     at emitOne (events.js:82:20)
21 silly fetchPackageMetaData     at Request.emit (events.js:169:7)
21 silly fetchPackageMetaData     at IncomingMessage.<anonymous> (D:\Program Files\nodejs\node_modules\npm\node_modules\request\request.js:1009:12)
21 silly fetchPackageMetaData  error for lolcat { [Error: Registry returned 404 for GET on https://registry.npmjs.org/lolcat] pkgid: 'lolcat', statusCode: 404, code: 'E404' }
22 silly rollbackFailedOptional Starting
23 silly rollbackFailedOptional Finishing
24 silly runTopLevelLifecycles Starting
25 silly runTopLevelLifecycles Finishing
26 silly install printInstalled
27 verbose stack Error: Registry returned 404 for GET on https://registry.npmjs.org/lolcat
27 verbose stack     at makeError (D:\Program Files\nodejs\node_modules\npm\node_modules\npm-registry-client\lib\request.js:264:12)
27 verbose stack     at CachingRegistryClient.<anonymous> (D:\Program Files\nodejs\node_modules\npm\node_modules\npm-registry-client\lib\request.js:242:14)
27 verbose stack     at Request._callback (D:\Program Files\nodejs\node_modules\npm\node_modules\npm-registry-client\lib\request.js:172:14)
27 verbose stack     at Request.self.callback (D:\Program Files\nodejs\node_modules\npm\node_modules\request\request.js:198:22)
27 verbose stack     at emitTwo (events.js:87:13)
27 verbose stack     at Request.emit (events.js:172:7)
27 verbose stack     at Request.<anonymous> (D:\Program Files\nodejs\node_modules\npm\node_modules\request\request.js:1082:10)
27 verbose stack     at emitOne (events.js:82:20)
27 verbose stack     at Request.emit (events.js:169:7)
27 verbose stack     at IncomingMessage.<anonymous> (D:\Program Files\nodejs\node_modules\npm\node_modules\request\request.js:1009:12)
28 verbose statusCode 404
29 verbose pkgid lolcat
30 verbose cwd G:\dotfiles
31 error Windows_NT 6.1.7601
32 error argv "D:\\Program Files\\nodejs\\node.exe" "D:\\Program Files\\nodejs\\node_modules\\npm\\bin\\npm-cli.js" "install" "lolcat"
33 error node v5.3.0
34 error npm  v3.3.12
35 error code E404
36 error 404 Registry returned 404 for GET on https://registry.npmjs.org/lolcat
36 error 404
36 error 404 'lolcat' is not in the npm registry.
36 error 404 You should bug the author to publish it (or use the name yourself!)
36 error 404
36 error 404 Note that you can also install from a
36 error 404 tarball, folder, http url, or git url.
37 verbose exit [ 1, true ]
